
> techpilots-frontend@0.1.0 dev
> next dev

▲ Next.js 16.2.4 (Turbopack)
- Local:         http://localhost:3000
- Network:       http://192.168.0.9:3000
✓ Ready in 303ms

 GET /varukorg 200 in 255ms (next.js: 111ms, application-code: 143ms)
 GET / 200 in 48ms (next.js: 13ms, application-code: 35ms)
 GET / 200 in 13ms (next.js: 2ms, application-code: 11ms)
 GET / 200 in 36ms (next.js: 3ms, application-code: 33ms)
 GET /produkter/asus-rog-gaming-laptop 200 in 314ms (next.js: 297ms, application-code: 17ms)
 GET / 200 in 12ms (next.js: 1927µs, application-code: 10ms)
(node:26340) [MODULE_TYPELESS_PACKAGE_JSON] Warning: Module type of file:///F:/techpilots-frontend/techpilots-frontend/postcss.config.js is not specified and it doesn't parse as CommonJS.
Reparsing as ES module because module syntax was detected. This incurs a performance overhead.
To eliminate this warning, add "type": "module" to F:\techpilots-frontend\techpilots-frontend\package.json.
(Use `node --trace-warnings ...` to show where the warning was created)
✓ Compiled in 618ms
 GET / 200 in 59ms (next.js: 32ms, application-code: 27ms)
⨯ ./app/page.tsx:121:10
the name `ProductItem` is defined multiple times
  [90m119 |[0m }
  [90m120 |[0m
[31m[1m>[0m [90m121 |[0m [36mfunction[0m [33mProductItem[0m({ product }: { product: [36mtypeof[0m [33mFEATURED_PRODUCTS[0m[[35m0[0m] }) {
  [90m    |[0m          [31m[1m^^^^^^^^^^^[0m
  [90m122 |[0m   [36mreturn[0m (
  [90m123 |[0m     <div className=[32m"overflow-hidden flex flex-col w-72 transition-shadow duration-300"[0m st...
  [90m124 |[0m       <div className=[32m"px-4 py-2.5 flex justify-between items-center bg-gray-50 h-10"[0m>

Ecmascript file had an error

Import traces:
  Client Component Browser:
    ./app/page.tsx [Client Component Browser]
    ./app/page.tsx [Server Component]

  Client Component SSR:
    ./app/page.tsx [Client Component SSR]
    ./app/page.tsx [Server Component]


 GET / 500 in 192ms (next.js: 87ms, application-code: 104ms)
[browser] ./app/page.tsx:121:10
the name `ProductItem` is defined multiple times
  119 | }
  120 |
> 121 | function ProductItem({ product }: { product: typeof FEATURED_PRODUCTS[0] }) {
      |          ^^^^^^^^^^^
  122 |   return (
  123 |     <div className="overflow-hidden flex flex-col w-72 transition-shadow duration-300" st...
  124 |       <div className="px-4 py-2.5 flex justify-between items-center bg-gray-50 h-10">

Ecmascript file had an error

Import traces:
  Client Component Browser:
    ./app/page.tsx [Client Component Browser]
    ./app/page.tsx [Server Component]

  Client Component SSR:
    ./app/page.tsx [Client Component SSR]
    ./app/page.tsx [Server Component] 
⨯ ./app/page.tsx:121:10
the name `ProductItem` is defined multiple times
  [90m119 |[0m }
  [90m120 |[0m
[31m[1m>[0m [90m121 |[0m [36mfunction[0m [33mProductItem[0m({ product }: { product: [36mtypeof[0m [33mFEATURED_PRODUCTS[0m[[35m0[0m] }) {
  [90m    |[0m          [31m[1m^^^^^^^^^^^[0m
  [90m122 |[0m   [36mreturn[0m (
  [90m123 |[0m     <div className=[32m"overflow-hidden flex flex-col w-72 transition-shadow duration-300"[0m st...
  [90m124 |[0m       <div className=[32m"px-4 py-2.5 flex justify-between items-center bg-gray-50 h-10"[0m>

Ecmascript file had an error

Import traces:
  Client Component Browser:
    ./app/page.tsx [Client Component Browser]
    ./app/page.tsx [Server Component]

  Client Component SSR:
    ./app/page.tsx [Client Component SSR]
    ./app/page.tsx [Server Component]


 GET / 500 in 13ms (next.js: 5ms, application-code: 7ms)
[browser] Uncaught Error: ./app/page.tsx:121:10
the name `ProductItem` is defined multiple times
  119 | }
  120 |
> 121 | function ProductItem({ product }: { product: typeof FEATURED_PRODUCTS[0] }) {
      |          ^^^^^^^^^^^
  122 |   return (
  123 |     <div className="overflow-hidden flex flex-col w-72 transition-shadow duration-300" st...
  124 |       <div className="px-4 py-2.5 flex justify-between items-center bg-gray-50 h-10">

Ecmascript file had an error

Import traces:
  Client Component Browser:
    ./app/page.tsx [Client Component Browser]
    ./app/page.tsx [Server Component]

  Client Component SSR:
    ./app/page.tsx [Client Component SSR]
    ./app/page.tsx [Server Component]


    at <unknown> (Error: ./app/page.tsx:121:10)
    at <unknown> (Error: (./app/page.tsx:121:10)
[browser] ./app/page.tsx:121:10
the name `ProductItem` is defined multiple times
  119 | }
  120 |
> 121 | function ProductItem({ product }: { product: typeof FEATURED_PRODUCTS[0] }) {
      |          ^^^^^^^^^^^
  122 |   return (
  123 |     <div className="overflow-hidden flex flex-col w-72 transition-shadow duration-300" st...
  124 |       <div className="px-4 py-2.5 flex justify-between items-center bg-gray-50 h-10">

Ecmascript file had an error

Import traces:
  Client Component Browser:
    ./app/page.tsx [Client Component Browser]
    ./app/page.tsx [Server Component]

  Client Component SSR:
    ./app/page.tsx [Client Component SSR]
    ./app/page.tsx [Server Component] 
[browser] ./app/page.tsx:121:10
the name `ProductItem` is defined multiple times
  119 | }
  120 |
> 121 | function ProductItem({ product }: { product: typeof FEATURED_PRODUCTS[0] }) {
      |          ^^^^^^^^^^^
  122 |   return (
  123 |     <div className="overflow-hidden flex flex-col w-72 transition-shadow duration-300" st...
  124 |       <div className="px-4 py-2.5 flex justify-between items-center bg-gray-50 h-10">

Ecmascript file had an error

Import traces:
  Client Component Browser:
    ./app/page.tsx [Client Component Browser]
    ./app/page.tsx [Server Component]

  Client Component SSR:
    ./app/page.tsx [Client Component SSR]
    ./app/page.tsx [Server Component] 
✓ Compiled in 45ms
 GET / 200 in 156ms (next.js: 36ms, application-code: 120ms)
 GET / 200 in 59ms (next.js: 20ms, application-code: 40ms)
 GET / 200 in 22ms (next.js: 2ms, application-code: 20ms)
 GET /produkter/asus-rog-gaming-laptop 200 in 27ms (next.js: 12ms, application-code: 15ms)
✓ Compiled in 60ms
 GET /produkter/asus-rog-gaming-laptop 200 in 85ms (next.js: 37ms, application-code: 48ms)
 GET /produkter/asus-rog-gaming-laptop 200 in 27ms (next.js: 3ms, application-code: 24ms)
 GET /kategorier/laptops 200 in 305ms (next.js: 289ms, application-code: 16ms)
[browser] A param property was accessed directly with `params.handle`. `params` is a Promise and must be unwrapped with `React.use()` before accessing its properties. Learn more: https://nextjs.org/docs/messages/sync-dynamic-apis 
    at CategoryPage (app/kategorier/[handle]/page.tsx:78:41)
  76 |
  77 | export default function CategoryPage({ params }: { params: { handle: string } }) {
> 78 |   const category = CATEGORY_DATA[params.handle];
     |                                         ^
  79 |   const products = PRODUCTS_BY_CATEGORY[params.handle] || [];
  80 |
  81 |   if (!category) { (app/kategorier/[handle]/page.tsx:78:41)
[browser] A param property was accessed directly with `params.handle`. `params` is a Promise and must be unwrapped with `React.use()` before accessing its properties. Learn more: https://nextjs.org/docs/messages/sync-dynamic-apis 
    at CategoryPage (app/kategorier/[handle]/page.tsx:79:48)
  77 | export default function CategoryPage({ params }: { params: { handle: string } }) {
  78 |   const category = CATEGORY_DATA[params.handle];
> 79 |   const products = PRODUCTS_BY_CATEGORY[params.handle] || [];
     |                                                ^
  80 |
  81 |   if (!category) {
  82 |     return ( (app/kategorier/[handle]/page.tsx:79:48)
[browser] A param property was accessed directly with `params.handle`. `params` is a Promise and must be unwrapped with `React.use()` before accessing its properties. Learn more: https://nextjs.org/docs/messages/sync-dynamic-apis 
    at CategoryPage (app/kategorier/[handle]/page.tsx:78:41)
  76 |
  77 | export default function CategoryPage({ params }: { params: { handle: string } }) {
> 78 |   const category = CATEGORY_DATA[params.handle];
     |                                         ^
  79 |   const products = PRODUCTS_BY_CATEGORY[params.handle] || [];
  80 |
  81 |   if (!category) { (app/kategorier/[handle]/page.tsx:78:41)
[browser] A param property was accessed directly with `params.handle`. `params` is a Promise and must be unwrapped with `React.use()` before accessing its properties. Learn more: https://nextjs.org/docs/messages/sync-dynamic-apis 
    at CategoryPage (app/kategorier/[handle]/page.tsx:79:48)
  77 | export default function CategoryPage({ params }: { params: { handle: string } }) {
  78 |   const category = CATEGORY_DATA[params.handle];
> 79 |   const products = PRODUCTS_BY_CATEGORY[params.handle] || [];
     |                                                ^
  80 |
  81 |   if (!category) {
  82 |     return ( (app/kategorier/[handle]/page.tsx:79:48)
 GET /returpolicy 200 in 221ms (next.js: 210ms, application-code: 12ms)
 GET /produkter/asus-rog-gaming-laptop 200 in 88ms (next.js: 6ms, application-code: 82ms)
 GET / 200 in 13ms (next.js: 4ms, application-code: 9ms)
 GET /produktserier/laptops 404 in 31ms (next.js: 16ms, application-code: 16ms)
 GET /produktserier/laptops 404 in 35ms (next.js: 3ms, application-code: 33ms)
 GET /konto 200 in 48ms (next.js: 16ms, application-code: 32ms)
 GET /varukorg 200 in 20ms (next.js: 6ms, application-code: 14ms)
 GET /varukorg 200 in 12ms (next.js: 1838µs, application-code: 10ms)
 GET / 200 in 11ms (next.js: 1732µs, application-code: 9ms)
 GET /varukorg 200 in 24ms (next.js: 1753µs, application-code: 23ms)
 GET / 200 in 19ms (next.js: 4ms, application-code: 15ms)
 GET /varukorg 200 in 14ms (next.js: 1746µs, application-code: 12ms)
 GET /varukorg 200 in 15ms (next.js: 1888µs, application-code: 13ms)
 GET / 200 in 13ms (next.js: 1852µs, application-code: 11ms)
 GET /varukorg 200 in 15ms (next.js: 2ms, application-code: 13ms)
 GET / 200 in 13ms (next.js: 1740µs, application-code: 11ms)
 GET / 200 in 11ms (next.js: 1717µs, application-code: 10ms)
 GET / 200 in 12ms (next.js: 2ms, application-code: 9ms)
 GET / 200 in 36ms (next.js: 3ms, application-code: 34ms)
 GET /kategorier/laptops 200 in 19ms (next.js: 6ms, application-code: 13ms)
[browser] A param property was accessed directly with `params.handle`. `params` is a Promise and must be unwrapped with `React.use()` before accessing its properties. Learn more: https://nextjs.org/docs/messages/sync-dynamic-apis 
    at CategoryPage (app/kategorier/[handle]/page.tsx:78:41)
  76 |
  77 | export default function CategoryPage({ params }: { params: { handle: string } }) {
> 78 |   const category = CATEGORY_DATA[params.handle];
     |                                         ^
  79 |   const products = PRODUCTS_BY_CATEGORY[params.handle] || [];
  80 |
  81 |   if (!category) { (app/kategorier/[handle]/page.tsx:78:41)
[browser] A param property was accessed directly with `params.handle`. `params` is a Promise and must be unwrapped with `React.use()` before accessing its properties. Learn more: https://nextjs.org/docs/messages/sync-dynamic-apis 
    at CategoryPage (app/kategorier/[handle]/page.tsx:79:48)
  77 | export default function CategoryPage({ params }: { params: { handle: string } }) {
  78 |   const category = CATEGORY_DATA[params.handle];
> 79 |   const products = PRODUCTS_BY_CATEGORY[params.handle] || [];
     |                                                ^
  80 |
  81 |   if (!category) {
  82 |     return ( (app/kategorier/[handle]/page.tsx:79:48)
[browser] A param property was accessed directly with `params.handle`. `params` is a Promise and must be unwrapped with `React.use()` before accessing its properties. Learn more: https://nextjs.org/docs/messages/sync-dynamic-apis 
    at CategoryPage (app/kategorier/[handle]/page.tsx:78:41)
  76 |
  77 | export default function CategoryPage({ params }: { params: { handle: string } }) {
> 78 |   const category = CATEGORY_DATA[params.handle];
     |                                         ^
  79 |   const products = PRODUCTS_BY_CATEGORY[params.handle] || [];
  80 |
  81 |   if (!category) { (app/kategorier/[handle]/page.tsx:78:41)
[browser] A param property was accessed directly with `params.handle`. `params` is a Promise and must be unwrapped with `React.use()` before accessing its properties. Learn more: https://nextjs.org/docs/messages/sync-dynamic-apis 
    at CategoryPage (app/kategorier/[handle]/page.tsx:79:48)
  77 | export default function CategoryPage({ params }: { params: { handle: string } }) {
  78 |   const category = CATEGORY_DATA[params.handle];
> 79 |   const products = PRODUCTS_BY_CATEGORY[params.handle] || [];
     |                                                ^
  80 |
  81 |   if (!category) {
  82 |     return ( (app/kategorier/[handle]/page.tsx:79:48)
 GET / 200 in 12ms (next.js: 1762µs, application-code: 11ms)
 GET /frakt-och-leverans 200 in 205ms (next.js: 193ms, application-code: 13ms)
 GET / 200 in 11ms (next.js: 1731µs, application-code: 9ms)
✓ Compiled in 35ms
✓ Compiled in 39ms
 GET / 200 in 109ms (next.js: 50ms, application-code: 59ms)
 GET / 200 in 38ms (next.js: 2ms, application-code: 35ms)
 GET / 200 in 16ms (next.js: 1753µs, application-code: 15ms)
[browser] Uncaught ReferenceError: FEATURED_PRODUCTS is not defined
    at Home (app/page.tsx:150:32)
  148 |   const itemsPerPage = 4;
  149 |
> 150 |   const totalPages = Math.ceil(FEATURED_PRODUCTS.length / itemsPerPage);
      |                                ^
  151 |   const visibleProducts = FEATURED_PRODUCTS.slice(
  152 |     currentIndex * itemsPerPage,
  153 |     (currentIndex + 1) * itemsPerPage
⚠ Fast Refresh had to perform a full reload due to a runtime error.
✓ Compiled in 44ms
 GET / 200 in 158ms (next.js: 55ms, application-code: 103ms)
 GET / 200 in 41ms (next.js: 3ms, application-code: 38ms)
 GET / 200 in 111ms (next.js: 7ms, application-code: 104ms)
 GET / 200 in 38ms (next.js: 1958µs, application-code: 36ms)
✓ Compiled in 68ms
 GET / 200 in 89ms (next.js: 51ms, application-code: 38ms)
 GET / 200 in 87ms (next.js: 3ms, application-code: 84ms)
 GET / 200 in 41ms (next.js: 2ms, application-code: 39ms)
✓ Compiled in 38ms
 GET / 200 in 72ms (next.js: 46ms, application-code: 25ms)
 GET /produkter/asus-rog-gaming-laptop 200 in 26ms (next.js: 11ms, application-code: 14ms)
 GET / 200 in 11ms (next.js: 1746µs, application-code: 10ms)
 GET / 200 in 76ms (next.js: 1827µs, application-code: 74ms)
 GET /produkter/asus-rog-gaming-laptop 200 in 21ms (next.js: 6ms, application-code: 15ms)
 GET / 200 in 12ms (next.js: 1972µs, application-code: 10ms)
✓ Compiled in 59ms
 GET / 200 in 152ms (next.js: 49ms, application-code: 103ms)
 GET / 200 in 95ms (next.js: 2ms, application-code: 93ms)
 GET / 200 in 73ms (next.js: 3ms, application-code: 70ms)
 GET / 200 in 73ms (next.js: 15ms, application-code: 58ms)
 GET / 200 in 74ms (next.js: 27ms, application-code: 47ms)
 GET / 200 in 87ms (next.js: 39ms, application-code: 48ms)
 GET / 200 in 46ms (next.js: 3ms, application-code: 43ms)
 GET / 200 in 30ms (next.js: 3ms, application-code: 27ms)
 GET / 200 in 13ms (next.js: 1672µs, application-code: 12ms)
 GET /produktserier/phone-cases 404 in 62ms (next.js: 41ms, application-code: 20ms)
 GET /produktserier/phone-cases 404 in 66ms (next.js: 3ms, application-code: 63ms)
 GET / 200 in 45ms (next.js: 2ms, application-code: 43ms)
✓ Compiled in 65ms
 GET / 200 in 72ms (next.js: 48ms, application-code: 24ms)
 GET / 200 in 62ms (next.js: 39ms, application-code: 24ms)
 GET / 200 in 9ms (next.js: 3ms, application-code: 6ms)
 GET / 200 in 20ms (next.js: 2ms, application-code: 18ms)
 GET /produkter/asus-rog-gaming-laptop 200 in 70ms (next.js: 47ms, application-code: 23ms)
 GET / 200 in 14ms (next.js: 2ms, application-code: 12ms)
 GET /produkter/asus-rog-gaming-laptop 200 in 20ms (next.js: 6ms, application-code: 14ms)
 GET /produkter/asus-rog-gaming-laptop 200 in 20ms (next.js: 5ms, application-code: 14ms)
 GET / 200 in 13ms (next.js: 1738µs, application-code: 11ms)
✓ Compiled in 42ms
 GET / 200 in 69ms (next.js: 45ms, application-code: 24ms)
 GET / 200 in 77ms (next.js: 1759µs, application-code: 75ms)
✓ Compiled in 53ms
 GET / 200 in 89ms (next.js: 60ms, application-code: 30ms)
 GET /produkter/asus-rog-gaming-laptop 200 in 73ms (next.js: 49ms, application-code: 24ms)
 GET /varukorg 200 in 62ms (next.js: 44ms, application-code: 18ms)
 GET /konto 200 in 59ms (next.js: 41ms, application-code: 18ms)
 GET / 200 in 12ms (next.js: 1754µs, application-code: 10ms)
 GET /konto 200 in 12ms (next.js: 1645µs, application-code: 11ms)
 GET / 200 in 14ms (next.js: 1914µs, application-code: 12ms)
✓ Compiled in 33ms
 GET / 200 in 75ms (next.js: 49ms, application-code: 26ms)
✓ Compiled in 28ms
 GET / 200 in 65ms (next.js: 44ms, application-code: 21ms)
✓ Compiled in 30ms
 GET / 200 in 73ms (next.js: 49ms, application-code: 24ms)
✓ Compiled in 47ms
 GET / 200 in 129ms (next.js: 66ms, application-code: 64ms)
 GET / 200 in 80ms (next.js: 2ms, application-code: 78ms)
 GET / 200 in 38ms (next.js: 1898µs, application-code: 36ms)
✓ Compiled in 45ms
 GET / 200 in 83ms (next.js: 61ms, application-code: 22ms)
✓ Compiled in 118ms
 GET / 200 in 222ms (next.js: 49ms, application-code: 173ms)
 GET / 200 in 44ms (next.js: 30ms, application-code: 14ms)
 GET / 200 in 44ms (next.js: 15ms, application-code: 29ms)
 GET / 200 in 45ms (next.js: 3ms, application-code: 43ms)
 GET / 200 in 149ms (next.js: 86ms, application-code: 63ms)
 GET / 200 in 155ms (next.js: 4ms, application-code: 151ms)
 GET / 200 in 338ms (next.js: 254ms, application-code: 84ms)
 GET / 200 in 180ms (next.js: 1673µs, application-code: 179ms)
 GET / 200 in 170ms (next.js: 3ms, application-code: 167ms)
 GET / 200 in 170ms (next.js: 15ms, application-code: 155ms)
 GET / 200 in 170ms (next.js: 27ms, application-code: 143ms)
 GET / 200 in 185ms (next.js: 45ms, application-code: 140ms)
 GET / 200 in 21ms (next.js: 4ms, application-code: 17ms)
 GET / 200 in 132ms (next.js: 3ms, application-code: 129ms)
 GET /logo.png 404 in 127ms (next.js: 58ms, application-code: 69ms)
⨯ The requested resource isn't a valid image for /logo.png received null
 GET / 200 in 37ms (next.js: 1941µs, application-code: 35ms)
✓ Compiled in 38ms
 GET / 200 in 122ms (next.js: 53ms, application-code: 69ms)
 GET / 200 in 55ms (next.js: 2ms, application-code: 53ms)
 GET / 200 in 15ms (next.js: 3ms, application-code: 13ms)
✓ Compiled in 44ms
 GET / 200 in 86ms (next.js: 47ms, application-code: 39ms)
 GET / 200 in 31ms (next.js: 1642µs, application-code: 30ms)
 GET / 200 in 18ms (next.js: 2ms, application-code: 16ms)
 GET / 200 in 84ms (next.js: 2ms, application-code: 82ms)
 GET /varukorg 200 in 65ms (next.js: 45ms, application-code: 20ms)
 GET /varukorg 200 in 12ms (next.js: 1645µs, application-code: 10ms)
 GET /varukorg 200 in 15ms (next.js: 1662µs, application-code: 13ms)
 GET / 200 in 12ms (next.js: 1694µs, application-code: 10ms)
✓ Compiled in 66ms
 GET / 200 in 74ms (next.js: 49ms, application-code: 25ms)
 GET /varukorg 200 in 68ms (next.js: 45ms, application-code: 23ms)
 GET / 200 in 12ms (next.js: 1826µs, application-code: 10ms)
✓ Compiled in 48ms
 GET / 200 in 72ms (next.js: 48ms, application-code: 24ms)
 GET / 200 in 77ms (next.js: 2ms, application-code: 75ms)
✓ Compiled in 34ms
 GET / 200 in 94ms (next.js: 70ms, application-code: 24ms)
✓ Compiled in 29ms
 GET / 200 in 71ms (next.js: 51ms, application-code: 20ms)
 GET / 200 in 7ms (next.js: 2ms, application-code: 5ms)
 GET / 200 in 13ms (next.js: 1443µs, application-code: 11ms)
 GET /produktserier/laptops 404 in 75ms (next.js: 49ms, application-code: 26ms)
 GET /produktserier/laptops 404 in 68ms (next.js: 3ms, application-code: 65ms)
 GET / 200 in 12ms (next.js: 1857µs, application-code: 10ms)
 GET /varukorg 200 in 61ms (next.js: 43ms, application-code: 18ms)
 GET / 200 in 11ms (next.js: 1680µs, application-code: 10ms)
✓ Compiled in 30ms
 GET / 200 in 90ms (next.js: 47ms, application-code: 43ms)
 GET / 200 in 40ms (next.js: 3ms, application-code: 38ms)
 GET / 200 in 25ms (next.js: 3ms, application-code: 22ms)
✓ Compiled in 36ms
 GET / 200 in 85ms (next.js: 49ms, application-code: 36ms)
 GET / 200 in 32ms (next.js: 1910µs, application-code: 30ms)
 GET / 200 in 18ms (next.js: 2ms, application-code: 16ms)
 GET /varukorg 200 in 21ms (next.js: 6ms, application-code: 15ms)
 GET / 200 in 13ms (next.js: 1770µs, application-code: 11ms)
✓ Compiled in 40ms
 GET / 200 in 112ms (next.js: 50ms, application-code: 61ms)
 GET / 200 in 54ms (next.js: 1562µs, application-code: 53ms)
 GET / 200 in 31ms (next.js: 16ms, application-code: 14ms)
✓ Compiled in 30ms
 GET / 200 in 89ms (next.js: 51ms, application-code: 39ms)
 GET / 200 in 36ms (next.js: 1771µs, application-code: 34ms)
 GET / 200 in 42ms (next.js: 3ms, application-code: 38ms)
 GET /konto 200 in 72ms (next.js: 51ms, application-code: 21ms)
✓ Compiled in 26ms
 GET /konto 200 in 84ms (next.js: 35ms, application-code: 49ms)
 GET /konto 200 in 27ms (next.js: 1527µs, application-code: 26ms)
 GET /konto 200 in 14ms (next.js: 1477µs, application-code: 13ms)
 GET /konto 200 in 13ms (next.js: 1674µs, application-code: 11ms)
 GET /konto 200 in 14ms (next.js: 1672µs, application-code: 12ms)
 GET / 200 in 60ms (next.js: 44ms, application-code: 16ms)
✓ Compiled in 39ms
 GET / 200 in 74ms (next.js: 47ms, application-code: 27ms)
[browser] Uncaught ReferenceError: React is not defined
    at HeaderWrapper (app/components/HeaderWrapper.tsx:260:3)
    at RootLayout (app\layout.tsx:19:9)
  258 |   const [cartTotal, setCartTotal] = useState(0);
  259 |
> 260 |   React.useEffect(() => {
      |   ^
  261 |     const handleAddToCart = (event: Event) => {
  262 |       const customEvent = event as CustomEvent;
  263 |       const { price, quantity } = customEvent.detail;
⚠ Fast Refresh had to perform a full reload due to a runtime error.
⨯ ReferenceError: React is not defined
    at HeaderWrapper (app\components\HeaderWrapper.tsx:260:3)
  258 |   const [cartTotal, setCartTotal] = useState(0);
  259 |
> 260 |   React.useEffect(() => {
      |   ^
  261 |     const handleAddToCart = (event: Event) => {
  262 |       const customEvent = event as CustomEvent;
  263 |       const { price, quantity } = customEvent.detail; {
  digest: '2859792515'
}
✓ Compiled in 29ms
[browser] Uncaught ReferenceError: React is not defined
    at HeaderWrapper (app/components/HeaderWrapper.tsx:260:3)
    at Set.forEach (<anonymous>)
    at RootLayout (app\layout.tsx:19:9)
  258 |   const [cartTotal, setCartTotal] = useState(0);
  259 |
> 260 |   React.useEffect(() => {
      |   ^
  261 |     const handleAddToCart = (event: Event) => {
  262 |       const customEvent = event as CustomEvent;
  263 |       const { price, quantity } = customEvent.detail;
 GET / 500 in 197ms (next.js: 54ms, application-code: 143ms)
[browser] Uncaught ReferenceError: React is not defined
    at HeaderWrapper (app/components/HeaderWrapper.tsx:260:3)
    at RootLayout (app\layout.tsx:19:9)
  258 |   const [cartTotal, setCartTotal] = useState(0);
  259 |
> 260 |   React.useEffect(() => {
      |   ^
  261 |     const handleAddToCart = (event: Event) => {
  262 |       const customEvent = event as CustomEvent;
  263 |       const { price, quantity } = customEvent.detail;
⚠ Fast Refresh had to perform a full reload due to a runtime error.
✓ Compiled in 40ms
 GET / 200 in 147ms (next.js: 51ms, application-code: 97ms)
✓ Compiled in 44ms
 GET / 200 in 67ms (next.js: 47ms, application-code: 20ms)
 GET / 200 in 82ms (next.js: 2ms, application-code: 80ms)
 GET /varukorg 200 in 65ms (next.js: 47ms, application-code: 18ms)
 GET /varukorg 200 in 11ms (next.js: 1658µs, application-code: 10ms)
 GET / 200 in 11ms (next.js: 1670µs, application-code: 9ms)
 GET / 200 in 7ms (next.js: 2ms, application-code: 5ms)
 GET / 200 in 13ms (next.js: 1515µs, application-code: 11ms)
 GET /varukorg 200 in 14ms (next.js: 1646µs, application-code: 12ms)
 GET /varukorg 200 in 12ms (next.js: 1813µs, application-code: 11ms)
 GET / 200 in 12ms (next.js: 1617µs, application-code: 10ms)
✓ Compiled in 54ms
✓ Compiled in 87ms
 GET / 200 in 399ms (next.js: 312ms, application-code: 87ms)
 GET / 200 in 70ms (next.js: 1657µs, application-code: 69ms)
⨯ Error: Element type is invalid: expected a string (for built-in components) or a class/function (for composite components) but got: undefined. You likely forgot to export your component from the file it's defined in, or you might have mixed up default and named imports.
    at ignore-listed frames {
  digest: '2640996406'
}
 GET / 200 in 371ms (next.js: 2ms, application-code: 368ms)
 GET / 200 in 384ms (next.js: 14ms, application-code: 370ms)
 GET / 200 in 384ms (next.js: 26ms, application-code: 359ms)
 GET / 200 in 385ms (next.js: 38ms, application-code: 348ms)
 GET / 200 in 34ms (next.js: 3ms, application-code: 31ms)
 GET / 200 in 43ms (next.js: 30ms, application-code: 13ms)
 GET / 200 in 45ms (next.js: 3ms, application-code: 42ms)
 GET / 200 in 44ms (next.js: 18ms, application-code: 26ms)
 GET / 500 in 393ms (next.js: 2ms, application-code: 390ms)
[browser] Uncaught Error: Element type is invalid: expected a string (for built-in components) or a class/function (for composite components) but got: undefined. You likely forgot to export your component from the file it's defined in, or you might have mixed up default and named imports.

Check the render method of `RootLayout`.
    at RootLayout (app\layout.tsx:20:9)
  18 |     <html lang="sv">
  19 |       <body>
> 20 |         <Aside.Provider>
     |         ^
  21 |           <HeaderWrapper />
  22 |           <main>{children}</main>
  23 |           <FooterWrapper />
⨯ Error: Element type is invalid: expected a string (for built-in components) or a class/function (for composite components) but got: undefined. You likely forgot to export your component from the file it's defined in, or you might have mixed up default and named imports.
    at ignore-listed frames {
  digest: '2640996406'
}
⚠ Fast Refresh had to perform a full reload due to a runtime error.
✓ Compiled in 32ms
 GET / 500 in 305ms (next.js: 74ms, application-code: 231ms)
[browser] Uncaught Error: Element type is invalid: expected a string (for built-in components) or a class/function (for composite components) but got: undefined. You likely forgot to export your component from the file it's defined in, or you might have mixed up default and named imports.

Check the render method of `RootLayout`.
    at RootLayout (app\layout.tsx:20:9)
  18 |     <html lang="sv">
  19 |       <body>
> 20 |         <Aside.Provider>
     |         ^
  21 |           <HeaderWrapper />
  22 |           <main>{children}</main>
  23 |           <FooterWrapper />
⚠ Fast Refresh had to perform a full reload due to a runtime error.
✓ Compiled in 55ms
⨯ Error: Element type is invalid: expected a string (for built-in components) or a class/function (for composite components) but got: undefined. You likely forgot to export your component from the file it's defined in, or you might have mixed up default and named imports.
    at ignore-listed frames {
  digest: '2640996406'
}
⚠ Fast Refresh had to perform a full reload due to a runtime error.
 GET / 500 in 275ms (next.js: 51ms, application-code: 224ms)
⨯ Error: Element type is invalid: expected a string (for built-in components) or a class/function (for composite components) but got: undefined. You likely forgot to export your component from the file it's defined in, or you might have mixed up default and named imports.
    at ignore-listed frames {
  digest: '2640996406'
}
 GET / 500 in 214ms (next.js: 2ms, application-code: 211ms)
[browser] Uncaught Error: Element type is invalid: expected a string (for built-in components) or a class/function (for composite components) but got: undefined. You likely forgot to export your component from the file it's defined in, or you might have mixed up default and named imports.

Check the render method of `RootLayout`.
    at RootLayout (app\layout.tsx:20:9)
  18 |     <html lang="sv">
  19 |       <body>
> 20 |         <Aside.Provider>
     |         ^
  21 |           <HeaderWrapper />
  22 |           <main>{children}</main>
  23 |           <FooterWrapper />
⨯ Error: Element type is invalid: expected a string (for built-in components) or a class/function (for composite components) but got: undefined. You likely forgot to export your component from the file it's defined in, or you might have mixed up default and named imports.
    at ignore-listed frames {
  digest: '2640996406'
}
⚠ Fast Refresh had to perform a full reload due to a runtime error.
✓ Compiled in 39ms
 GET / 500 in 293ms (next.js: 51ms, application-code: 242ms)
[browser] Uncaught Error: Element type is invalid: expected a string (for built-in components) or a class/function (for composite components) but got: undefined. You likely forgot to export your component from the file it's defined in, or you might have mixed up default and named imports.

Check the render method of `RootLayout`.
    at RootLayout (app\layout.tsx:20:9)
  18 |     <html lang="sv">
  19 |       <body>
> 20 |         <Aside.Provider>
     |         ^
  21 |           <HeaderWrapper />
  22 |           <main>{children}</main>
  23 |           <FooterWrapper />
⚠ Fast Refresh had to perform a full reload due to a runtime error.
✓ Compiled in 117ms
⨯ Error: Element type is invalid: expected a string (for built-in components) or a class/function (for composite components) but got: undefined. You likely forgot to export your component from the file it's defined in, or you might have mixed up default and named imports.
    at ignore-listed frames {
  digest: '2640996406'
}
⚠ Fast Refresh had to perform a full reload due to a runtime error.
 GET / 500 in 627ms (next.js: 308ms, application-code: 320ms)
⨯ Error: Element type is invalid: expected a string (for built-in components) or a class/function (for composite components) but got: undefined. You likely forgot to export your component from the file it's defined in, or you might have mixed up default and named imports.
    at ignore-listed frames {
  digest: '2640996406'
}
 GET / 500 in 238ms (next.js: 41ms, application-code: 197ms)
[browser] Uncaught Error: Element type is invalid: expected a string (for built-in components) or a class/function (for composite components) but got: undefined. You likely forgot to export your component from the file it's defined in, or you might have mixed up default and named imports.

Check the render method of `RootLayout`.
    at RootLayout (app\layout.tsx:21:9)
  19 |     <html lang="sv">
  20 |       <body>
> 21 |         <Aside.Provider>
     |         ^
  22 |           <HeaderWrapper />
  23 |           <main>{children}</main>
  24 |           <FooterWrapper />
⚠ Fast Refresh had to perform a full reload due to a runtime error.
⚠ Fast Refresh had to perform a full reload due to a runtime error.
 GET / 200 in 386ms (next.js: 287ms, application-code: 99ms)
 GET / 200 in 59ms (next.js: 23ms, application-code: 36ms)
 GET / 200 in 7ms (next.js: 3ms, application-code: 5ms)
 GET / 200 in 13ms (next.js: 1693µs, application-code: 12ms)
 GET /produkter/asus-rog-gaming-laptop 200 in 75ms (next.js: 54ms, application-code: 21ms)
 GET / 200 in 23ms (next.js: 1629µs, application-code: 21ms)
 GET / 200 in 40ms (next.js: 1674µs, application-code: 38ms)
✓ Compiled in 48ms
 GET / 200 in 55ms (next.js: 36ms, application-code: 19ms)
 GET / 200 in 77ms (next.js: 1659µs, application-code: 75ms)
 GET /produkter/asus-rog-gaming-laptop 200 in 60ms (next.js: 41ms, application-code: 19ms)
 GET / 200 in 39ms (next.js: 1692µs, application-code: 38ms)
✓ Compiled in 29ms
 GET /produkter/asus-rog-gaming-laptop 200 in 95ms (next.js: 40ms, application-code: 55ms)
 GET / 200 in 49ms (next.js: 35ms, application-code: 14ms)
 GET / 200 in 80ms (next.js: 1678µs, application-code: 78ms)
✓ Compiled in 31ms
 GET / 200 in 73ms (next.js: 49ms, application-code: 24ms)
✓ Compiled in 33ms
 GET / 200 in 51ms (next.js: 36ms, application-code: 15ms)
 GET / 200 in 76ms (next.js: 1674µs, application-code: 74ms)
 GET / 200 in 38ms (next.js: 1683µs, application-code: 36ms)
✓ Compiled in 36ms
 GET / 200 in 100ms (next.js: 75ms, application-code: 24ms)
 GET / 200 in 79ms (next.js: 1838µs, application-code: 77ms)
✓ Compiled in 35ms
 GET / 200 in 49ms (next.js: 34ms, application-code: 15ms)
✓ Compiled in 33ms
 GET / 200 in 64ms (next.js: 47ms, application-code: 18ms)
 GET /returpolicy 200 in 62ms (next.js: 48ms, application-code: 14ms)
✓ Compiled in 35ms
 GET /returpolicy 200 in 55ms (next.js: 41ms, application-code: 14ms)
 GET / 200 in 57ms (next.js: 44ms, application-code: 13ms)
 GET /kontakt 200 in 238ms (next.js: 227ms, application-code: 12ms)
 GET /returpolicy 200 in 14ms (next.js: 2ms, application-code: 12ms)
 GET / 200 in 9ms (next.js: 1772µs, application-code: 7ms)
 GET / 200 in 13ms (next.js: 1748µs, application-code: 11ms)
 GET / 200 in 92ms (next.js: 1879µs, application-code: 90ms)
✓ Compiled in 57ms
 GET / 200 in 66ms (next.js: 49ms, application-code: 17ms)
 GET / 200 in 94ms (next.js: 2ms, application-code: 91ms)
✓ Compiled in 35ms
 GET / 200 in 61ms (next.js: 47ms, application-code: 14ms)
✓ Compiled in 28ms
 GET / 200 in 72ms (next.js: 44ms, application-code: 28ms)
 GET / 200 in 26ms (next.js: 1660µs, application-code: 25ms)
 GET / 200 in 14ms (next.js: 2ms, application-code: 12ms)
✓ Compiled in 35ms
 GET / 200 in 62ms (next.js: 43ms, application-code: 19ms)
✓ Compiled in 35ms
 GET / 200 in 65ms (next.js: 47ms, application-code: 18ms)
✓ Compiled in 40ms
 GET / 200 in 68ms (next.js: 51ms, application-code: 17ms)
⚠ Fast Refresh had to perform a full reload due to a runtime error.
✓ Compiled in 34ms
 GET / 200 in 158ms (next.js: 56ms, application-code: 102ms)
✓ Compiled in 70ms
 GET / 200 in 70ms (next.js: 53ms, application-code: 17ms)
 GET / 200 in 93ms (next.js: 2ms, application-code: 91ms)
✓ Compiled in 36ms
 GET / 200 in 91ms (next.js: 70ms, application-code: 21ms)
✓ Compiled in 33ms
 GET / 200 in 63ms (next.js: 48ms, application-code: 15ms)
✓ Compiled in 38ms
 GET / 200 in 61ms (next.js: 46ms, application-code: 15ms)
 GET / 200 in 92ms (next.js: 2ms, application-code: 90ms)
✓ Compiled in 34ms
 GET / 200 in 68ms (next.js: 48ms, application-code: 19ms)
✓ Compiled in 35ms
 GET / 200 in 61ms (next.js: 48ms, application-code: 14ms)
✓ Compiled in 36ms
 GET / 200 in 60ms (next.js: 45ms, application-code: 15ms)
✓ Compiled in 35ms
 GET / 200 in 60ms (next.js: 45ms, application-code: 15ms)
✓ Compiled in 26ms
 GET / 200 in 113ms (next.js: 84ms, application-code: 29ms)
 GET / 200 in 26ms (next.js: 1675µs, application-code: 24ms)
 GET / 200 in 13ms (next.js: 1830µs, application-code: 11ms)
✓ Compiled in 32ms
 GET / 200 in 63ms (next.js: 47ms, application-code: 16ms)
✓ Compiled in 40ms
 GET / 200 in 60ms (next.js: 44ms, application-code: 16ms)
✓ Compiled in 40ms
 GET / 200 in 59ms (next.js: 43ms, application-code: 16ms)
 GET / 200 in 99ms (next.js: 1737µs, application-code: 98ms)
 GET / 200 in 41ms (next.js: 1647µs, application-code: 39ms)
✓ Compiled in 42ms
 GET / 200 in 64ms (next.js: 47ms, application-code: 18ms)
 GET / 200 in 92ms (next.js: 1855µs, application-code: 90ms)
 GET / 200 in 38ms (next.js: 2ms, application-code: 36ms)
✓ Compiled in 42ms
 GET / 200 in 87ms (next.js: 50ms, application-code: 37ms)
 GET / 200 in 96ms (next.js: 1893µs, application-code: 94ms)
✓ Compiled in 33ms
 GET / 200 in 68ms (next.js: 52ms, application-code: 16ms)
✓ Compiled in 31ms
 GET / 200 in 62ms (next.js: 49ms, application-code: 13ms)
✓ Compiled in 40ms
 GET / 200 in 71ms (next.js: 53ms, application-code: 19ms)
✓ Compiled in 39ms
 GET / 200 in 59ms (next.js: 45ms, application-code: 14ms)
✓ Compiled in 32ms
 GET / 200 in 84ms (next.js: 51ms, application-code: 33ms)
 GET / 200 in 67ms (next.js: 1821µs, application-code: 65ms)
 GET / 200 in 54ms (next.js: 3ms, application-code: 51ms)
 GET /produktserier/ultrabooks 404 in 59ms (next.js: 46ms, application-code: 13ms)
 GET /produktserier/ultrabooks 404 in 83ms (next.js: 3ms, application-code: 81ms)
 GET /produktserier/ultrabooks 404 in 36ms (next.js: 3ms, application-code: 33ms)
 GET /produktserier/ultrabooks 404 in 31ms (next.js: 3ms, application-code: 28ms)
 GET / 200 in 11ms (next.js: 1851µs, application-code: 9ms)
 GET / 200 in 45ms (next.js: 1667µs, application-code: 43ms)
 GET / 200 in 6ms (next.js: 1842µs, application-code: 4ms)
 GET / 200 in 11ms (next.js: 1505µs, application-code: 10ms)
 GET / 200 in 5ms (next.js: 1763µs, application-code: 4ms)
 GET / 200 in 11ms (next.js: 1503µs, application-code: 10ms)
✓ Compiled in 37ms
 GET / 200 in 74ms (next.js: 52ms, application-code: 22ms)
✓ Compiled in 40ms
 GET / 200 in 69ms (next.js: 49ms, application-code: 20ms)
 GET / 200 in 93ms (next.js: 1608µs, application-code: 92ms)
✓ Compiled in 42ms
 GET / 200 in 71ms (next.js: 56ms, application-code: 15ms)
 GET / 200 in 98ms (next.js: 1608µs, application-code: 97ms)
✓ Compiled in 34ms
 GET / 200 in 123ms (next.js: 108ms, application-code: 15ms)
 GET / 200 in 7ms (next.js: 1976µs, application-code: 5ms)
 GET / 200 in 13ms (next.js: 1724µs, application-code: 11ms)
 GET /produkter/dell-xps-13 200 in 74ms (next.js: 56ms, application-code: 18ms)
 GET / 200 in 12ms (next.js: 1773µs, application-code: 10ms)
✓ Compiled in 38ms
 GET / 500 in 21ms (next.js: 6ms, application-code: 15ms)
 GET / 500 in 11ms (next.js: 4ms, application-code: 7ms)
 GET / 500 in 12ms (next.js: 3ms, application-code: 9ms)
[browser] Uncaught Error: ./app/kontakt/page.tsx:52:7
Expected corresponding JSX closing tag for <MainLayout>
  50 |         </div>
  51 |       </div>
> 52 |     </PageContent>
     |       ^^^^^^^^^^^
  53 |   );
  54 | }
  55 |

Parsing ecmascript source code failed

Import traces:
  Client Component Browser:
    ./app/kontakt/page.tsx [Client Component Browser]
    ./app/kontakt/page.tsx [Server Component]

  Client Component SSR:
    ./app/kontakt/page.tsx [Client Component SSR]
    ./app/kontakt/page.tsx [Server Component]


    at <unknown> (Error: ./app/kontakt/page.tsx:52:7)
    at <unknown> (Error: (./app/kontakt/page.tsx:52:7)
[browser] ./app/kontakt/page.tsx:52:7
Expected corresponding JSX closing tag for <MainLayout>
  50 |         </div>
  51 |       </div>
> 52 |     </PageContent>
     |       ^^^^^^^^^^^
  53 |   );
  54 | }
  55 |

Parsing ecmascript source code failed

Import traces:
  Client Component Browser:
    ./app/kontakt/page.tsx [Client Component Browser]
    ./app/kontakt/page.tsx [Server Component]

  Client Component SSR:
    ./app/kontakt/page.tsx [Client Component SSR]
    ./app/kontakt/page.tsx [Server Component] 
[browser] ./app/kontakt/page.tsx:52:7
Expected corresponding JSX closing tag for <MainLayout>
  50 |         </div>
  51 |       </div>
> 52 |     </PageContent>
     |       ^^^^^^^^^^^
  53 |   );
  54 | }
  55 |

Parsing ecmascript source code failed

Import traces:
  Client Component Browser:
    ./app/kontakt/page.tsx [Client Component Browser]
    ./app/kontakt/page.tsx [Server Component]

  Client Component SSR:
    ./app/kontakt/page.tsx [Client Component SSR]
    ./app/kontakt/page.tsx [Server Component] 
✓ Compiled in 37ms
 GET / 200 in 41ms (next.js: 2ms, application-code: 39ms)
 GET /frakt-och-leverans 200 in 70ms (next.js: 55ms, application-code: 15ms)
✓ Compiled in 26ms
⨯ ./app/frakt-och-leverans/page.tsx:195:7
Expected corresponding JSX closing tag for <MainLayout>
  [90m193 |[0m         </div>
  [90m194 |[0m       </div>
[31m[1m>[0m [90m195 |[0m     </[33mPageContent[0m>
  [90m    |[0m       [31m[1m^^^^^^^^^^^[0m
  [90m196 |[0m   );
  [90m197 |[0m }
  [90m198 |[0m

Parsing ecmascript source code failed

Import traces:
  Client Component Browser:
    ./app/frakt-och-leverans/page.tsx [Client Component Browser]
    ./app/frakt-och-leverans/page.tsx [Server Component]

  Client Component SSR:
    ./app/frakt-och-leverans/page.tsx [Client Component SSR]
    ./app/frakt-och-leverans/page.tsx [Server Component]


[browser] ./app/frakt-och-leverans/page.tsx:195:7
Expected corresponding JSX closing tag for <MainLayout>
  193 |         </div>
  194 |       </div>
> 195 |     </PageContent>
      |       ^^^^^^^^^^^
  196 |   );
  197 | }
  198 |

Parsing ecmascript source code failed

Import traces:
  Client Component Browser:
    ./app/frakt-och-leverans/page.tsx [Client Component Browser]
    ./app/frakt-och-leverans/page.tsx [Server Component]

  Client Component SSR:
    ./app/frakt-och-leverans/page.tsx [Client Component SSR]
    ./app/frakt-och-leverans/page.tsx [Server Component] 
 GET /frakt-och-leverans 500 in 24ms (next.js: 17ms, application-code: 7ms)
⨯ ./app/frakt-och-leverans/page.tsx:195:7
Expected corresponding JSX closing tag for <MainLayout>
  [90m193 |[0m         </div>
  [90m194 |[0m       </div>
[31m[1m>[0m [90m195 |[0m     </[33mPageContent[0m>
  [90m    |[0m       [31m[1m^^^^^^^^^^^[0m
  [90m196 |[0m   );
  [90m197 |[0m }
  [90m198 |[0m

Parsing ecmascript source code failed

Import traces:
  Client Component Browser:
    ./app/frakt-och-leverans/page.tsx [Client Component Browser]
    ./app/frakt-och-leverans/page.tsx [Server Component]

  Client Component SSR:
    ./app/frakt-och-leverans/page.tsx [Client Component SSR]
    ./app/frakt-och-leverans/page.tsx [Server Component]


 GET /frakt-och-leverans 500 in 11ms (next.js: 5ms, application-code: 7ms)
⨯ ./app/frakt-och-leverans/page.tsx:195:7
Expected corresponding JSX closing tag for <MainLayout>
  [90m193 |[0m         </div>
  [90m194 |[0m       </div>
[31m[1m>[0m [90m195 |[0m     </[33mPageContent[0m>
  [90m    |[0m       [31m[1m^^^^^^^^^^^[0m
  [90m196 |[0m   );
  [90m197 |[0m }
  [90m198 |[0m

Parsing ecmascript source code failed

Import traces:
  Client Component Browser:
    ./app/frakt-och-leverans/page.tsx [Client Component Browser]
    ./app/frakt-och-leverans/page.tsx [Server Component]

  Client Component SSR:
    ./app/frakt-och-leverans/page.tsx [Client Component SSR]
    ./app/frakt-och-leverans/page.tsx [Server Component]


 GET /frakt-och-leverans 500 in 9ms (next.js: 4ms, application-code: 6ms)
[browser] Uncaught Error: ./app/frakt-och-leverans/page.tsx:195:7
Expected corresponding JSX closing tag for <MainLayout>
  193 |         </div>
  194 |       </div>
> 195 |     </PageContent>
      |       ^^^^^^^^^^^
  196 |   );
  197 | }
  198 |

Parsing ecmascript source code failed

Import traces:
  Client Component Browser:
    ./app/frakt-och-leverans/page.tsx [Client Component Browser]
    ./app/frakt-och-leverans/page.tsx [Server Component]

  Client Component SSR:
    ./app/frakt-och-leverans/page.tsx [Client Component SSR]
    ./app/frakt-och-leverans/page.tsx [Server Component]


    at <unknown> (Error: ./app/frakt-och-leverans/page.tsx:195:7)
    at <unknown> (Error: (./app/frakt-och-leverans/page.tsx:195:7)
[browser] ./app/frakt-och-leverans/page.tsx:195:7
Expected corresponding JSX closing tag for <MainLayout>
  193 |         </div>
  194 |       </div>
> 195 |     </PageContent>
      |       ^^^^^^^^^^^
  196 |   );
  197 | }
  198 |

Parsing ecmascript source code failed

Import traces:
  Client Component Browser:
    ./app/frakt-och-leverans/page.tsx [Client Component Browser]
    ./app/frakt-och-leverans/page.tsx [Server Component]

  Client Component SSR:
    ./app/frakt-och-leverans/page.tsx [Client Component SSR]
    ./app/frakt-och-leverans/page.tsx [Server Component] 
[browser] ./app/frakt-och-leverans/page.tsx:195:7
Expected corresponding JSX closing tag for <MainLayout>
  193 |         </div>
  194 |       </div>
> 195 |     </PageContent>
      |       ^^^^^^^^^^^
  196 |   );
  197 | }
  198 |

Parsing ecmascript source code failed

Import traces:
  Client Component Browser:
    ./app/frakt-och-leverans/page.tsx [Client Component Browser]
    ./app/frakt-och-leverans/page.tsx [Server Component]

  Client Component SSR:
    ./app/frakt-och-leverans/page.tsx [Client Component SSR]
    ./app/frakt-och-leverans/page.tsx [Server Component] 
✓ Compiled in 42ms
 GET /frakt-och-leverans 200 in 33ms (next.js: 2ms, application-code: 31ms)
 GET / 200 in 19ms (next.js: 8ms, application-code: 11ms)
 GET / 500 in 10ms (next.js: 4ms, application-code: 6ms)
 GET / 500 in 12ms (next.js: 5ms, application-code: 7ms)
 GET / 500 in 38ms (next.js: 5ms, application-code: 33ms)
[browser] Uncaught Error: ./app/returpolicy/page.tsx:230:7
Expected corresponding JSX closing tag for <MainLayout>
  228 |         </div>
  229 |       </div>
> 230 |     </div>
      |       ^^^
  231 |   );
  232 | }
  233 |

Parsing ecmascript source code failed

Import traces:
  Client Component Browser:
    ./app/returpolicy/page.tsx [Client Component Browser]
    ./app/returpolicy/page.tsx [Server Component]

  Client Component SSR:
    ./app/returpolicy/page.tsx [Client Component SSR]
    ./app/returpolicy/page.tsx [Server Component]


    at <unknown> (Error: ./app/returpolicy/page.tsx:230:7)
    at <unknown> (Error: (./app/returpolicy/page.tsx:230:7)
[browser] ./app/returpolicy/page.tsx:230:7
Expected corresponding JSX closing tag for <MainLayout>
  228 |         </div>
  229 |       </div>
> 230 |     </div>
      |       ^^^
  231 |   );
  232 | }
  233 |

Parsing ecmascript source code failed

Import traces:
  Client Component Browser:
    ./app/returpolicy/page.tsx [Client Component Browser]
    ./app/returpolicy/page.tsx [Server Component]

  Client Component SSR:
    ./app/returpolicy/page.tsx [Client Component SSR]
    ./app/returpolicy/page.tsx [Server Component] 
[browser] ./app/returpolicy/page.tsx:230:7
Expected corresponding JSX closing tag for <MainLayout>
  228 |         </div>
  229 |       </div>
> 230 |     </div>
      |       ^^^
  231 |   );
  232 | }
  233 |

Parsing ecmascript source code failed

Import traces:
  Client Component Browser:
    ./app/returpolicy/page.tsx [Client Component Browser]
    ./app/returpolicy/page.tsx [Server Component]

  Client Component SSR:
    ./app/returpolicy/page.tsx [Client Component SSR]
    ./app/returpolicy/page.tsx [Server Component] 
✓ Compiled in 42ms
 GET / 200 in 49ms (next.js: 3ms, application-code: 47ms)
 GET /frakt-och-leverans 200 in 15ms (next.js: 4ms, application-code: 11ms)
 GET / 200 in 11ms (next.js: 1594µs, application-code: 10ms)
 GET / 200 in 5ms (next.js: 1594µs, application-code: 3ms)
 GET / 200 in 12ms (next.js: 1439µs, application-code: 11ms)
 GET / 200 in 48ms (next.js: 2ms, application-code: 46ms)
✓ Compiled in 32ms
 GET / 200 in 66ms (next.js: 52ms, application-code: 15ms)
✓ Compiled in 46ms
 GET / 200 in 130ms (next.js: 86ms, application-code: 44ms)
 GET / 200 in 22ms (next.js: 3ms, application-code: 19ms)
✓ Compiled in 40ms
 GET / 200 in 74ms (next.js: 49ms, application-code: 24ms)
✓ Compiled in 32ms
 GET / 200 in 67ms (next.js: 46ms, application-code: 21ms)
✓ Compiled in 27ms
 GET / 200 in 71ms (next.js: 55ms, application-code: 16ms)
✓ Compiled in 25ms
 GET / 200 in 73ms (next.js: 53ms, application-code: 20ms)
 GET /produkter/asus-rog-gaming-laptop 200 in 24ms (next.js: 12ms, application-code: 13ms)
✓ Compiled in 29ms
 GET / 200 in 63ms (next.js: 46ms, application-code: 16ms)
 GET / 200 in 97ms (next.js: 1748µs, application-code: 95ms)
 GET /frakt-och-leverans 200 in 16ms (next.js: 4ms, application-code: 12ms)
✓ Compiled in 28ms
 GET / 200 in 87ms (next.js: 58ms, application-code: 29ms)
 GET / 200 in 38ms (next.js: 1787µs, application-code: 36ms)
 GET / 200 in 25ms (next.js: 2ms, application-code: 23ms)
 GET / 200 in 26ms (next.js: 13ms, application-code: 12ms)
 GET /frakt-och-leverans 200 in 56ms (next.js: 44ms, application-code: 11ms)
 GET / 200 in 14ms (next.js: 1784µs, application-code: 12ms)
✓ Compiled in 25ms
 GET / 200 in 100ms (next.js: 45ms, application-code: 55ms)
 GET / 200 in 45ms (next.js: 1576µs, application-code: 43ms)
 GET / 200 in 30ms (next.js: 2ms, application-code: 27ms)
 GET / 200 in 30ms (next.js: 14ms, application-code: 16ms)
✓ Compiled in 28ms
 GET / 200 in 153ms (next.js: 94ms, application-code: 60ms)
 GET / 200 in 44ms (next.js: 1629µs, application-code: 43ms)
 GET / 200 in 26ms (next.js: 1994µs, application-code: 24ms)
 GET / 200 in 26ms (next.js: 14ms, application-code: 12ms)
✓ Compiled in 30ms
 GET / 200 in 71ms (next.js: 53ms, application-code: 18ms)
✓ Compiled in 27ms
 GET / 200 in 101ms (next.js: 51ms, application-code: 50ms)
 GET /produktserier/ultrabooks 404 in 63ms (next.js: 49ms, application-code: 14ms)
 GET /produktserier/ultrabooks 404 in 86ms (next.js: 2ms, application-code: 83ms)
 GET / 200 in 11ms (next.js: 1817µs, application-code: 10ms)
✓ Compiled in 32ms
 GET / 200 in 127ms (next.js: 108ms, application-code: 19ms)
 GET /produkter/asus-rog-gaming-laptop 200 in 23ms (next.js: 11ms, application-code: 13ms)
 GET / 200 in 14ms (next.js: 2ms, application-code: 12ms)
 GET / 200 in 13ms (next.js: 1593µs, application-code: 11ms)
 GET /produkter/asus-rog-gaming-laptop 200 in 23ms (next.js: 7ms, application-code: 17ms)
 GET / 200 in 12ms (next.js: 1621µs, application-code: 11ms)
 GET / 200 in 13ms (next.js: 2ms, application-code: 11ms)
 GET /produkter/asus-rog-gaming-laptop 200 in 19ms (next.js: 5ms, application-code: 14ms)
 GET /produkter/asus-rog-gaming-laptop 200 in 106ms (next.js: 6ms, application-code: 100ms)
 GET / 200 in 11ms (next.js: 1850µs, application-code: 10ms)
 GET /produkter/asus-rog-gaming-laptop 200 in 20ms (next.js: 5ms, application-code: 15ms)
 GET / 200 in 13ms (next.js: 2ms, application-code: 11ms)
 GET /returpolicy 200 in 59ms (next.js: 47ms, application-code: 12ms)
 GET / 200 in 11ms (next.js: 1692µs, application-code: 9ms)
 GET /produkter/asus-rog-gaming-laptop 200 in 18ms (next.js: 6ms, application-code: 13ms)
✓ Compiled in 57ms
 GET /produkter/asus-rog-gaming-laptop 200 in 111ms (next.js: 65ms, application-code: 46ms)
 GET /produkter/asus-rog-gaming-laptop 200 in 21ms (next.js: 2ms, application-code: 18ms)
 GET / 200 in 21ms (next.js: 8ms, application-code: 13ms)
 GET / 200 in 96ms (next.js: 1502µs, application-code: 94ms)
 GET /produkter/asus-rog-gaming-laptop 200 in 22ms (next.js: 6ms, application-code: 16ms)
 GET / 200 in 36ms (next.js: 1692µs, application-code: 34ms)
 GET /produkter/asus-rog-gaming-laptop 200 in 45ms (next.js: 5ms, application-code: 40ms)
 GET /produkter/asus-rog-gaming-laptop 200 in 43ms (next.js: 6ms, application-code: 38ms)
 GET / 200 in 12ms (next.js: 1640µs, application-code: 10ms)
 GET / 200 in 11ms (next.js: 1653µs, application-code: 9ms)
 GET /produkter/asus-rog-gaming-laptop 200 in 21ms (next.js: 7ms, application-code: 15ms)
✓ Compiled in 32ms
 GET /produkter/asus-rog-gaming-laptop 200 in 71ms (next.js: 51ms, application-code: 20ms)
✓ Compiled in 24ms
 GET /produkter/asus-rog-gaming-laptop 200 in 72ms (next.js: 53ms, application-code: 18ms)
 GET /produkter/asus-rog-gaming-laptop 200 in 90ms (next.js: 5ms, application-code: 85ms)
 GET /produkter/asus-rog-gaming-laptop 200 in 40ms (next.js: 5ms, application-code: 35ms)
 GET / 200 in 18ms (next.js: 7ms, application-code: 11ms)
 GET / 200 in 45ms (next.js: 1712µs, application-code: 44ms)
 GET /produkter/asus-rog-gaming-laptop 200 in 18ms (next.js: 6ms, application-code: 12ms)
 GET / 200 in 11ms (next.js: 1705µs, application-code: 9ms)
 GET /frakt-och-leverans 200 in 69ms (next.js: 52ms, application-code: 17ms)
 GET / 200 in 11ms (next.js: 1656µs, application-code: 9ms)
✓ Compiled in 43ms
 GET / 200 in 109ms (next.js: 49ms, application-code: 60ms)
 GET / 200 in 45ms (next.js: 2ms, application-code: 43ms)
 GET / 200 in 30ms (next.js: 2ms, application-code: 28ms)
 GET / 200 in 30ms (next.js: 16ms, application-code: 14ms)
[browser] Uncaught ReferenceError: MainLayout is not defined
    at Home (app/page.tsx:162:6)
  160 | export default function Home() {
  161 |   return (
> 162 |     <MainLayout bordered={true}>
      |      ^
  163 |       <div className="space-y-8">
  164 |         <HeroCarousel />
  165 |         <CampaignBannersSection />
⚠ Fast Refresh had to perform a full reload due to a runtime error.
⨯ ReferenceError: ProductsSection is not defined
    at Home (app\page.tsx:168:14)
  166 |             <HeroCarousel />
  167 |             <CampaignBannersSection />
> 168 |             <ProductsSection
      |              ^
  169 |               variant="popular"
  170 |               products={POPULAR_PRODUCTS}
  171 |             /> {
  digest: '949171392'
}
✓ Compiled in 29ms
[browser] Uncaught ReferenceError: ProductsSection is not defined
    at Home (app/page.tsx:168:14)
    at Set.forEach (<anonymous>)
  166 |             <HeroCarousel />
  167 |             <CampaignBannersSection />
> 168 |             <ProductsSection
      |              ^
  169 |               variant="popular"
  170 |               products={POPULAR_PRODUCTS}
  171 |             />
 GET / 500 in 217ms (next.js: 51ms, application-code: 166ms)
[browser] Uncaught ReferenceError: ProductsSection is not defined
    at Home (app/page.tsx:168:14)
  166 |             <HeroCarousel />
  167 |             <CampaignBannersSection />
> 168 |             <ProductsSection
      |              ^
  169 |               variant="popular"
  170 |               products={POPULAR_PRODUCTS}
  171 |             />
✓ Compiled in 37ms
⚠ Fast Refresh had to perform a full reload due to a runtime error.
 GET / 200 in 152ms (next.js: 52ms, application-code: 100ms)
 GET / 200 in 39ms (next.js: 1678µs, application-code: 37ms)
 GET / 200 in 37ms (next.js: 1663µs, application-code: 35ms)
 GET /produkter/asus-rog-gaming-laptop 200 in 25ms (next.js: 10ms, application-code: 14ms)
✓ Compiled in 31ms
 GET /produkter/asus-rog-gaming-laptop 200 in 67ms (next.js: 43ms, application-code: 24ms)
✓ Compiled in 35ms
 GET /produkter/asus-rog-gaming-laptop 200 in 78ms (next.js: 47ms, application-code: 32ms)
 GET /produkter/asus-rog-gaming-laptop 200 in 15ms (next.js: 1659µs, application-code: 14ms)
 GET /produkter/asus-rog-gaming-laptop 200 in 94ms (next.js: 5ms, application-code: 88ms)
 GET / 200 in 59ms (next.js: 47ms, application-code: 12ms)
 GET / 200 in 103ms (next.js: 2ms, application-code: 101ms)
